[2025-06-02T09:48:37.650+0000][27860][info][gc,init] CardTable entry size: 512
[2025-06-02T09:48:37.650+0000][27860][info][gc     ] Using G1
[2025-06-02T09:48:42.077+0000][27860][info][gc,init] Version: 23+37-2369 (release)
[2025-06-02T09:48:42.077+0000][27860][info][gc,init] CPUs: 24 total, 24 available
[2025-06-02T09:48:42.077+0000][27860][info][gc,init] Memory: 32680M
[2025-06-02T09:48:42.077+0000][27860][info][gc,init] Large Page Support: Disabled
[2025-06-02T09:48:42.077+0000][27860][info][gc,init] NUMA Support: Disabled
[2025-06-02T09:48:42.077+0000][27860][info][gc,init] Compressed Oops: Enabled (Zero based)
[2025-06-02T09:48:42.077+0000][27860][info][gc,init] Heap Region Size: 8M
[2025-06-02T09:48:42.078+0000][27860][info][gc,init] Heap Min Capacity: 16344M
[2025-06-02T09:48:42.078+0000][27860][info][gc,init] Heap Initial Capacity: 16344M
[2025-06-02T09:48:42.078+0000][27860][info][gc,init] Heap Max Capacity: 16344M
[2025-06-02T09:48:42.078+0000][27860][info][gc,init] Pre-touch: Enabled
[2025-06-02T09:48:42.078+0000][27860][info][gc,init] Parallel Workers: 18
[2025-06-02T09:48:42.078+0000][27860][info][gc,init] Concurrent Workers: 5
[2025-06-02T09:48:42.078+0000][27860][info][gc,init] Concurrent Refinement Workers: 18
[2025-06-02T09:48:42.078+0000][27860][info][gc,init] Periodic GC: Disabled
[2025-06-02T09:48:42.084+0000][27860][info][gc,metaspace] CDS archive(s) mapped at: [0x0000018310000000-0x0000018310d70000-0x0000018310d70000), size 14090240, SharedBaseAddress: 0x0000018310000000, ArchiveRelocationMode: 1.
[2025-06-02T09:48:42.084+0000][27860][info][gc,metaspace] Compressed class space mapped at: 0x0000018311000000-0x0000018351000000, reserved size: 1073741824
[2025-06-02T09:48:42.084+0000][27860][info][gc,metaspace] Narrow klass base: 0x0000018310000000, Narrow klass shift: 0, Narrow klass range: 0x41000000
[2025-06-02T09:48:45.953+0000][27860][info][gc,start    ] GC(0) Pause Young (Concurrent Start) (Metadata GC Threshold)
[2025-06-02T09:48:45.954+0000][27860][info][gc,task     ] GC(0) Using 18 workers of 18 for evacuation
[2025-06-02T09:48:45.954+0000][27860][debug][gc,age      ] GC(0) Desired survivor size 54525952 bytes, new threshold 15 (max threshold 15)
[2025-06-02T09:48:45.961+0000][27860][info ][gc,phases   ] GC(0)   Pre Evacuate Collection Set: 0.61ms
[2025-06-02T09:48:45.961+0000][27860][info ][gc,phases   ] GC(0)   Merge Heap Roots: 0.13ms
[2025-06-02T09:48:45.961+0000][27860][info ][gc,phases   ] GC(0)   Evacuate Collection Set: 5.60ms
[2025-06-02T09:48:45.961+0000][27860][info ][gc,phases   ] GC(0)   Post Evacuate Collection Set: 0.91ms
[2025-06-02T09:48:45.961+0000][27860][info ][gc,phases   ] GC(0)   Other: 1.49ms
[2025-06-02T09:48:45.961+0000][27860][trace][gc,age      ] GC(0) Age table:
[2025-06-02T09:48:45.961+0000][27860][trace][gc,age      ] GC(0) - age   1:   15409896 bytes,   15409896 total
[2025-06-02T09:48:45.962+0000][27860][info ][gc,heap     ] GC(0) Eden regions: 38->0(100)
[2025-06-02T09:48:45.962+0000][27860][info ][gc,heap     ] GC(0) Survivor regions: 0->2(13)
[2025-06-02T09:48:45.962+0000][27860][info ][gc,heap     ] GC(0) Old regions: 0->0
[2025-06-02T09:48:45.962+0000][27860][info ][gc,heap     ] GC(0) Humongous regions: 0->0
[2025-06-02T09:48:45.962+0000][27860][info ][gc,metaspace] GC(0) Metaspace: 20741K(21504K)->20741K(21504K) NonClass: 18419K(18880K)->18419K(18880K) Class: 2322K(2624K)->2322K(2624K)
[2025-06-02T09:48:45.962+0000][27860][info ][gc          ] GC(0) Pause Young (Concurrent Start) (Metadata GC Threshold) 300M->15M(16344M) 9.384ms
[2025-06-02T09:48:45.962+0000][27860][info ][gc,cpu      ] GC(0) User=0.00s Sys=0.30s Real=0.01s
[2025-06-02T09:48:45.962+0000][27860][info ][gc          ] GC(1) Concurrent Mark Cycle
[2025-06-02T09:48:45.962+0000][27860][info ][safepoint   ] Safepoint "CollectForMetadataAllocation", Time since last: 3863530900 ns, Reaching safepoint: 3300 ns, At safepoint: 9470100 ns, Total: 9473400 ns
[2025-06-02T09:48:45.962+0000][27860][info ][gc,marking  ] GC(1) Concurrent Scan Root Regions
[2025-06-02T09:48:45.965+0000][27860][info ][gc,marking  ] GC(1) Concurrent Scan Root Regions 2.877ms
[2025-06-02T09:48:45.965+0000][27860][info ][gc,marking  ] GC(1) Concurrent Mark
[2025-06-02T09:48:45.965+0000][27860][info ][gc,marking  ] GC(1) Concurrent Mark From Roots
[2025-06-02T09:48:45.966+0000][27860][info ][gc,task     ] GC(1) Using 5 workers of 5 for marking
[2025-06-02T09:48:45.966+0000][27860][info ][gc,marking  ] GC(1) Concurrent Mark From Roots 1.769ms
[2025-06-02T09:48:45.966+0000][27860][info ][gc,marking  ] GC(1) Concurrent Preclean
[2025-06-02T09:48:45.966+0000][27860][info ][gc,marking  ] GC(1) Concurrent Preclean 0.013ms
[2025-06-02T09:48:45.967+0000][27860][info ][gc,start    ] GC(1) Pause Remark
[2025-06-02T09:48:45.969+0000][27860][info ][gc          ] GC(1) Pause Remark 23M->23M(16344M) 1.489ms
[2025-06-02T09:48:45.969+0000][27860][info ][gc,cpu      ] GC(1) User=0.00s Sys=0.00s Real=0.00s
[2025-06-02T09:48:45.969+0000][27860][info ][safepoint   ] Safepoint "G1PauseRemark", Time since last: 4820700 ns, Reaching safepoint: 751100 ns, At safepoint: 1547300 ns, Total: 2298400 ns
[2025-06-02T09:48:45.969+0000][27860][info ][gc,marking  ] GC(1) Concurrent Mark 4.169ms
[2025-06-02T09:48:45.969+0000][27860][info ][gc,marking  ] GC(1) Concurrent Rebuild Remembered Sets and Scrub Regions
[2025-06-02T09:48:45.969+0000][27860][info ][gc,marking  ] GC(1) Concurrent Rebuild Remembered Sets and Scrub Regions 0.062ms
[2025-06-02T09:48:45.969+0000][27860][info ][gc,start    ] GC(1) Pause Cleanup
[2025-06-02T09:48:45.969+0000][27860][info ][gc          ] GC(1) Pause Cleanup 23M->23M(16344M) 0.027ms
[2025-06-02T09:48:45.969+0000][27860][info ][gc,cpu      ] GC(1) User=0.00s Sys=0.00s Real=0.00s
[2025-06-02T09:48:45.969+0000][27860][info ][safepoint   ] Safepoint "G1PauseCleanup", Time since last: 142500 ns, Reaching safepoint: 22600 ns, At safepoint: 67600 ns, Total: 90200 ns
[2025-06-02T09:48:45.969+0000][27860][info ][gc,marking  ] GC(1) Concurrent Clear Claimed Marks
[2025-06-02T09:48:45.969+0000][27860][info ][gc,marking  ] GC(1) Concurrent Clear Claimed Marks 0.036ms
[2025-06-02T09:48:45.969+0000][27860][info ][gc,marking  ] GC(1) Concurrent Cleanup for Next Mark
[2025-06-02T09:48:45.986+0000][27860][info ][gc,marking  ] GC(1) Concurrent Cleanup for Next Mark 16.135ms
[2025-06-02T09:48:45.986+0000][27860][info ][gc          ] GC(1) Concurrent Mark Cycle 23.635ms
[2025-06-02T09:48:47.540+0000][27860][info ][gc,start    ] GC(2) Pause Young (Normal) (G1 Evacuation Pause)
[2025-06-02T09:48:47.540+0000][27860][info ][gc,task     ] GC(2) Using 18 workers of 18 for evacuation
[2025-06-02T09:48:47.540+0000][27860][debug][gc,age      ] GC(2) Desired survivor size 54525952 bytes, new threshold 15 (max threshold 15)
[2025-06-02T09:48:47.548+0000][27860][info ][gc,phases   ] GC(2)   Pre Evacuate Collection Set: 0.16ms
[2025-06-02T09:48:47.548+0000][27860][info ][gc,phases   ] GC(2)   Merge Heap Roots: 0.07ms
[2025-06-02T09:48:47.548+0000][27860][info ][gc,phases   ] GC(2)   Evacuate Collection Set: 7.17ms
[2025-06-02T09:48:47.548+0000][27860][info ][gc,phases   ] GC(2)   Post Evacuate Collection Set: 0.89ms
[2025-06-02T09:48:47.548+0000][27860][info ][gc,phases   ] GC(2)   Other: 0.10ms
[2025-06-02T09:48:47.548+0000][27860][trace][gc,age      ] GC(2) Age table:
[2025-06-02T09:48:47.548+0000][27860][trace][gc,age      ] GC(2) - age   1:   11737536 bytes,   11737536 total
[2025-06-02T09:48:47.548+0000][27860][trace][gc,age      ] GC(2) - age   2:   14346848 bytes,   26084384 total
[2025-06-02T09:48:47.548+0000][27860][info ][gc,heap     ] GC(2) Eden regions: 100->0(98)
[2025-06-02T09:48:47.548+0000][27860][info ][gc,heap     ] GC(2) Survivor regions: 2->4(13)
[2025-06-02T09:48:47.548+0000][27860][info ][gc,heap     ] GC(2) Old regions: 0->0
[2025-06-02T09:48:47.548+0000][27860][info ][gc,heap     ] GC(2) Humongous regions: 0->0
[2025-06-02T09:48:47.548+0000][27860][info ][gc,metaspace] GC(2) Metaspace: 30320K(31296K)->30320K(31296K) NonClass: 26883K(27456K)->26883K(27456K) Class: 3436K(3840K)->3436K(3840K)
[2025-06-02T09:48:47.548+0000][27860][info ][gc          ] GC(2) Pause Young (Normal) (G1 Evacuation Pause) 815M->26M(16344M) 8.651ms
[2025-06-02T09:48:47.548+0000][27860][info ][gc,cpu      ] GC(2) User=0.00s Sys=0.00s Real=0.01s
[2025-06-02T09:48:47.548+0000][27860][info ][safepoint   ] Safepoint "G1CollectForAllocation", Time since last: 1570411700 ns, Reaching safepoint: 3900 ns, At safepoint: 8701300 ns, Total: 8705200 ns
[2025-06-02T09:48:48.266+0000][27860][info ][gc,start    ] GC(3) Pause Young (Concurrent Start) (Metadata GC Threshold)
[2025-06-02T09:48:48.266+0000][27860][info ][gc,task     ] GC(3) Using 18 workers of 18 for evacuation
[2025-06-02T09:48:48.266+0000][27860][debug][gc,age      ] GC(3) Desired survivor size 54525952 bytes, new threshold 15 (max threshold 15)
[2025-06-02T09:48:48.275+0000][27860][info ][gc,phases   ] GC(3)   Pre Evacuate Collection Set: 0.21ms
[2025-06-02T09:48:48.275+0000][27860][info ][gc,phases   ] GC(3)   Merge Heap Roots: 0.09ms
[2025-06-02T09:48:48.275+0000][27860][info ][gc,phases   ] GC(3)   Evacuate Collection Set: 7.21ms
[2025-06-02T09:48:48.275+0000][27860][info ][gc,phases   ] GC(3)   Post Evacuate Collection Set: 0.93ms
[2025-06-02T09:48:48.275+0000][27860][info ][gc,phases   ] GC(3)   Other: 0.09ms
[2025-06-02T09:48:48.275+0000][27860][trace][gc,age      ] GC(3) Age table:
[2025-06-02T09:48:48.275+0000][27860][trace][gc,age      ] GC(3) - age   1:    6175408 bytes,    6175408 total
[2025-06-02T09:48:48.275+0000][27860][trace][gc,age      ] GC(3) - age   2:    9022232 bytes,   15197640 total
[2025-06-02T09:48:48.275+0000][27860][trace][gc,age      ] GC(3) - age   3:   14346144 bytes,   29543784 total
[2025-06-02T09:48:48.275+0000][27860][info ][gc,heap     ] GC(3) Eden regions: 70->0(98)
[2025-06-02T09:48:48.275+0000][27860][info ][gc,heap     ] GC(3) Survivor regions: 4->4(13)
[2025-06-02T09:48:48.275+0000][27860][info ][gc,heap     ] GC(3) Old regions: 0->0
[2025-06-02T09:48:48.275+0000][27860][info ][gc,heap     ] GC(3) Humongous regions: 0->0
[2025-06-02T09:48:48.275+0000][27860][info ][gc,metaspace] GC(3) Metaspace: 35161K(36096K)->35161K(36096K) NonClass: 31198K(31744K)->31198K(31744K) Class: 3963K(4352K)->3963K(4352K)
[2025-06-02T09:48:48.275+0000][27860][info ][gc          ] GC(3) Pause Young (Concurrent Start) (Metadata GC Threshold) 586M->30M(16344M) 8.749ms
[2025-06-02T09:48:48.275+0000][27860][info ][gc,cpu      ] GC(3) User=0.06s Sys=0.22s Real=0.01s
[2025-06-02T09:48:48.275+0000][27860][info ][gc          ] GC(4) Concurrent Mark Cycle
[2025-06-02T09:48:48.275+0000][27860][info ][safepoint   ] Safepoint "CollectForMetadataAllocation", Time since last: 717985000 ns, Reaching safepoint: 3000 ns, At safepoint: 8821400 ns, Total: 8824400 ns
[2025-06-02T09:48:48.275+0000][27860][info ][gc,marking  ] GC(4) Concurrent Scan Root Regions
[2025-06-02T09:48:48.277+0000][27860][info ][gc,marking  ] GC(4) Concurrent Scan Root Regions 2.266ms
[2025-06-02T09:48:48.277+0000][27860][info ][gc,marking  ] GC(4) Concurrent Mark
[2025-06-02T09:48:48.277+0000][27860][info ][gc,marking  ] GC(4) Concurrent Mark From Roots
[2025-06-02T09:48:48.277+0000][27860][info ][gc,task     ] GC(4) Using 5 workers of 5 for marking
[2025-06-02T09:48:48.278+0000][27860][info ][gc,marking  ] GC(4) Concurrent Mark From Roots 0.325ms
[2025-06-02T09:48:48.278+0000][27860][info ][gc,marking  ] GC(4) Concurrent Preclean
[2025-06-02T09:48:48.278+0000][27860][info ][gc,marking  ] GC(4) Concurrent Preclean 0.010ms
[2025-06-02T09:48:48.278+0000][27860][info ][gc,start    ] GC(4) Pause Remark
[2025-06-02T09:48:48.281+0000][27860][info ][gc          ] GC(4) Pause Remark 35M->35M(16344M) 2.351ms
[2025-06-02T09:48:48.281+0000][27860][info ][gc,cpu      ] GC(4) User=0.00s Sys=0.00s Real=0.00s
[2025-06-02T09:48:48.281+0000][27860][info ][safepoint   ] Safepoint "G1PauseRemark", Time since last: 2669300 ns, Reaching safepoint: 123800 ns, At safepoint: 2395000 ns, Total: 2518800 ns
[2025-06-02T09:48:48.281+0000][27860][info ][gc,marking  ] GC(4) Concurrent Mark 2.917ms
[2025-06-02T09:48:48.281+0000][27860][info ][gc,marking  ] GC(4) Concurrent Rebuild Remembered Sets and Scrub Regions
[2025-06-02T09:48:48.281+0000][27860][info ][gc,marking  ] GC(4) Concurrent Rebuild Remembered Sets and Scrub Regions 0.065ms
[2025-06-02T09:48:48.281+0000][27860][info ][gc,start    ] GC(4) Pause Cleanup
[2025-06-02T09:48:48.281+0000][27860][info ][gc          ] GC(4) Pause Cleanup 35M->35M(16344M) 0.017ms
[2025-06-02T09:48:48.281+0000][27860][info ][gc,cpu      ] GC(4) User=0.00s Sys=0.00s Real=0.00s
[2025-06-02T09:48:48.281+0000][27860][info ][safepoint   ] Safepoint "G1PauseCleanup", Time since last: 130500 ns, Reaching safepoint: 1700 ns, At safepoint: 45300 ns, Total: 47000 ns
[2025-06-02T09:48:48.281+0000][27860][info ][gc,marking  ] GC(4) Concurrent Clear Claimed Marks
[2025-06-02T09:48:48.281+0000][27860][info ][gc,marking  ] GC(4) Concurrent Clear Claimed Marks 0.025ms
[2025-06-02T09:48:48.281+0000][27860][info ][gc,marking  ] GC(4) Concurrent Cleanup for Next Mark
[2025-06-02T09:48:48.294+0000][27860][info ][gc,marking  ] GC(4) Concurrent Cleanup for Next Mark 13.855ms
[2025-06-02T09:48:48.294+0000][27860][info ][gc          ] GC(4) Concurrent Mark Cycle 19.368ms
[2025-06-02T09:48:49.248+0000][27860][info ][gc,start    ] GC(5) Pause Young (Normal) (G1 Evacuation Pause)
[2025-06-02T09:48:49.249+0000][27860][info ][gc,task     ] GC(5) Using 18 workers of 18 for evacuation
[2025-06-02T09:48:49.249+0000][27860][debug][gc,age      ] GC(5) Desired survivor size 54525952 bytes, new threshold 15 (max threshold 15)
[2025-06-02T09:48:49.258+0000][27860][info ][gc,phases   ] GC(5)   Pre Evacuate Collection Set: 0.14ms
[2025-06-02T09:48:49.258+0000][27860][info ][gc,phases   ] GC(5)   Merge Heap Roots: 0.07ms
[2025-06-02T09:48:49.258+0000][27860][info ][gc,phases   ] GC(5)   Evacuate Collection Set: 8.56ms
[2025-06-02T09:48:49.258+0000][27860][info ][gc,phases   ] GC(5)   Post Evacuate Collection Set: 0.93ms
[2025-06-02T09:48:49.258+0000][27860][info ][gc,phases   ] GC(5)   Other: 0.10ms
[2025-06-02T09:48:49.258+0000][27860][trace][gc,age      ] GC(5) Age table:
[2025-06-02T09:48:49.258+0000][27860][trace][gc,age      ] GC(5) - age   1:   10304752 bytes,   10304752 total
[2025-06-02T09:48:49.258+0000][27860][trace][gc,age      ] GC(5) - age   2:    6139136 bytes,   16443888 total
[2025-06-02T09:48:49.258+0000][27860][trace][gc,age      ] GC(5) - age   3:    9011120 bytes,   25455008 total
[2025-06-02T09:48:49.258+0000][27860][trace][gc,age      ] GC(5) - age   4:   14306768 bytes,   39761776 total
[2025-06-02T09:48:49.258+0000][27860][info ][gc,heap     ] GC(5) Eden regions: 98->0(96)
[2025-06-02T09:48:49.258+0000][27860][info ][gc,heap     ] GC(5) Survivor regions: 4->6(13)
[2025-06-02T09:48:49.258+0000][27860][info ][gc,heap     ] GC(5) Old regions: 0->0
[2025-06-02T09:48:49.258+0000][27860][info ][gc,heap     ] GC(5) Humongous regions: 0->0
[2025-06-02T09:48:49.258+0000][27860][info ][gc,metaspace] GC(5) Metaspace: 39236K(40448K)->39236K(40448K) NonClass: 34712K(35456K)->34712K(35456K) Class: 4523K(4992K)->4523K(4992K)
[2025-06-02T09:48:49.258+0000][27860][info ][gc          ] GC(5) Pause Young (Normal) (G1 Evacuation Pause) 814M->40M(16344M) 10.023ms
[2025-06-02T09:48:49.258+0000][27860][info ][gc,cpu      ] GC(5) User=0.06s Sys=0.20s Real=0.01s
[2025-06-02T09:48:49.258+0000][27860][info ][safepoint   ] Safepoint "G1CollectForAllocation", Time since last: 968093800 ns, Reaching safepoint: 3100 ns, At safepoint: 10069800 ns, Total: 10072900 ns
[2025-06-02T09:48:50.962+0000][27860][info ][gc,start    ] GC(6) Pause Young (Normal) (G1 Evacuation Pause)
[2025-06-02T09:48:50.962+0000][27860][info ][gc,task     ] GC(6) Using 18 workers of 18 for evacuation
[2025-06-02T09:48:50.962+0000][27860][debug][gc,age      ] GC(6) Desired survivor size 54525952 bytes, new threshold 15 (max threshold 15)
[2025-06-02T09:48:50.974+0000][27860][info ][gc,phases   ] GC(6)   Pre Evacuate Collection Set: 0.16ms
[2025-06-02T09:48:50.974+0000][27860][info ][gc,phases   ] GC(6)   Merge Heap Roots: 0.08ms
[2025-06-02T09:48:50.974+0000][27860][info ][gc,phases   ] GC(6)   Evacuate Collection Set: 10.80ms
[2025-06-02T09:48:50.974+0000][27860][info ][gc,phases   ] GC(6)   Post Evacuate Collection Set: 1.26ms
[2025-06-02T09:48:50.974+0000][27860][info ][gc,phases   ] GC(6)   Other: 0.09ms
[2025-06-02T09:48:50.974+0000][27860][trace][gc,age      ] GC(6) Age table:
[2025-06-02T09:48:50.974+0000][27860][trace][gc,age      ] GC(6) - age   1:    7554008 bytes,    7554008 total
[2025-06-02T09:48:50.974+0000][27860][trace][gc,age      ] GC(6) - age   2:   10208408 bytes,   17762416 total
[2025-06-02T09:48:50.974+0000][27860][trace][gc,age      ] GC(6) - age   3:    6112496 bytes,   23874912 total
[2025-06-02T09:48:50.974+0000][27860][trace][gc,age      ] GC(6) - age   4:    8785520 bytes,   32660432 total
[2025-06-02T09:48:50.974+0000][27860][trace][gc,age      ] GC(6) - age   5:   14302312 bytes,   46962744 total
[2025-06-02T09:48:50.974+0000][27860][info ][gc,heap     ] GC(6) Eden regions: 96->0(95)
[2025-06-02T09:48:50.974+0000][27860][info ][gc,heap     ] GC(6) Survivor regions: 6->7(13)
[2025-06-02T09:48:50.974+0000][27860][info ][gc,heap     ] GC(6) Old regions: 0->0
[2025-06-02T09:48:50.974+0000][27860][info ][gc,heap     ] GC(6) Humongous regions: 0->0
[2025-06-02T09:48:50.974+0000][27860][info ][gc,metaspace] GC(6) Metaspace: 45954K(47424K)->45954K(47424K) NonClass: 40442K(41344K)->40442K(41344K) Class: 5512K(6080K)->5512K(6080K)
[2025-06-02T09:48:50.974+0000][27860][info ][gc          ] GC(6) Pause Young (Normal) (G1 Evacuation Pause) 808M->48M(16344M) 12.749ms
[2025-06-02T09:48:50.975+0000][27860][info ][gc,cpu      ] GC(6) User=0.22s Sys=0.00s Real=0.01s
[2025-06-02T09:48:50.975+0000][27860][info ][safepoint   ] Safepoint "G1CollectForAllocation", Time since last: 1703132500 ns, Reaching safepoint: 4300 ns, At safepoint: 12808200 ns, Total: 12812500 ns
[2025-06-02T09:48:52.002+0000][27860][info ][gc,start    ] GC(7) Pause Young (Concurrent Start) (Metadata GC Threshold)
[2025-06-02T09:48:52.002+0000][27860][info ][gc,task     ] GC(7) Using 18 workers of 18 for evacuation
[2025-06-02T09:48:52.002+0000][27860][debug][gc,age      ] GC(7) Desired survivor size 54525952 bytes, new threshold 15 (max threshold 15)
[2025-06-02T09:48:52.014+0000][27860][info ][gc,phases   ] GC(7)   Pre Evacuate Collection Set: 0.20ms
[2025-06-02T09:48:52.014+0000][27860][info ][gc,phases   ] GC(7)   Merge Heap Roots: 0.06ms
[2025-06-02T09:48:52.014+0000][27860][info ][gc,phases   ] GC(7)   Evacuate Collection Set: 11.51ms
[2025-06-02T09:48:52.014+0000][27860][info ][gc,phases   ] GC(7)   Post Evacuate Collection Set: 1.14ms
[2025-06-02T09:48:52.014+0000][27860][info ][gc,phases   ] GC(7)   Other: 0.09ms
[2025-06-02T09:48:52.014+0000][27860][trace][gc,age      ] GC(7) Age table:
[2025-06-02T09:48:52.014+0000][27860][trace][gc,age      ] GC(7) - age   1:    2772168 bytes,    2772168 total
[2025-06-02T09:48:52.014+0000][27860][trace][gc,age      ] GC(7) - age   2:    7342408 bytes,   10114576 total
[2025-06-02T09:48:52.014+0000][27860][trace][gc,age      ] GC(7) - age   3:   10202400 bytes,   20316976 total
[2025-06-02T09:48:52.014+0000][27860][trace][gc,age      ] GC(7) - age   4:    6111976 bytes,   26428952 total
[2025-06-02T09:48:52.014+0000][27860][trace][gc,age      ] GC(7) - age   5:    8782584 bytes,   35211536 total
[2025-06-02T09:48:52.014+0000][27860][trace][gc,age      ] GC(7) - age   6:   14300296 bytes,   49511832 total
[2025-06-02T09:48:52.014+0000][27860][info ][gc,heap     ] GC(7) Eden regions: 25->0(95)
[2025-06-02T09:48:52.014+0000][27860][info ][gc,heap     ] GC(7) Survivor regions: 7->7(13)
[2025-06-02T09:48:52.014+0000][27860][info ][gc,heap     ] GC(7) Old regions: 0->0
[2025-06-02T09:48:52.014+0000][27860][info ][gc,heap     ] GC(7) Humongous regions: 0->0
[2025-06-02T09:48:52.014+0000][27860][info ][gc,metaspace] GC(7) Metaspace: 59008K(60480K)->59008K(60480K) NonClass: 51746K(52672K)->51746K(52672K) Class: 7261K(7808K)->7261K(7808K)
[2025-06-02T09:48:52.014+0000][27860][info ][gc          ] GC(7) Pause Young (Concurrent Start) (Metadata GC Threshold) 248M->52M(16344M) 13.244ms
[2025-06-02T09:48:52.014+0000][27860][info ][gc,cpu      ] GC(7) User=0.05s Sys=0.23s Real=0.01s
[2025-06-02T09:48:52.014+0000][27860][info ][gc          ] GC(8) Concurrent Mark Cycle
[2025-06-02T09:48:52.014+0000][27860][info ][safepoint   ] Safepoint "CollectForMetadataAllocation", Time since last: 1026775800 ns, Reaching safepoint: 2900 ns, At safepoint: 13319400 ns, Total: 13322300 ns
[2025-06-02T09:48:52.014+0000][27860][info ][gc,marking  ] GC(8) Concurrent Scan Root Regions
[2025-06-02T09:48:52.017+0000][27860][info ][gc,marking  ] GC(8) Concurrent Scan Root Regions 3.044ms
[2025-06-02T09:48:52.017+0000][27860][info ][gc,marking  ] GC(8) Concurrent Mark
[2025-06-02T09:48:52.017+0000][27860][info ][gc,marking  ] GC(8) Concurrent Mark From Roots
[2025-06-02T09:48:52.017+0000][27860][info ][gc,task     ] GC(8) Using 5 workers of 5 for marking
[2025-06-02T09:48:52.018+0000][27860][info ][gc,marking  ] GC(8) Concurrent Mark From Roots 0.367ms
[2025-06-02T09:48:52.018+0000][27860][info ][gc,marking  ] GC(8) Concurrent Preclean
[2025-06-02T09:48:52.018+0000][27860][info ][gc,marking  ] GC(8) Concurrent Preclean 0.013ms
[2025-06-02T09:48:52.018+0000][27860][info ][gc,start    ] GC(8) Pause Remark
[2025-06-02T09:48:52.021+0000][27860][info ][gc          ] GC(8) Pause Remark 58M->58M(16344M) 2.215ms
[2025-06-02T09:48:52.021+0000][27860][info ][gc,cpu      ] GC(8) User=0.00s Sys=0.00s Real=0.00s
[2025-06-02T09:48:52.021+0000][27860][info ][safepoint   ] Safepoint "G1PauseRemark", Time since last: 3516200 ns, Reaching safepoint: 12900 ns, At safepoint: 2265400 ns, Total: 2278300 ns
[2025-06-02T09:48:52.021+0000][27860][info ][gc,marking  ] GC(8) Concurrent Mark 2.735ms
[2025-06-02T09:48:52.021+0000][27860][info ][gc,marking  ] GC(8) Concurrent Rebuild Remembered Sets and Scrub Regions
[2025-06-02T09:48:52.021+0000][27860][info ][gc,marking  ] GC(8) Concurrent Rebuild Remembered Sets and Scrub Regions 0.056ms
[2025-06-02T09:48:52.021+0000][27860][info ][gc,start    ] GC(8) Pause Cleanup
[2025-06-02T09:48:52.021+0000][27860][info ][gc          ] GC(8) Pause Cleanup 58M->58M(16344M) 0.016ms
[2025-06-02T09:48:52.021+0000][27860][info ][gc,cpu      ] GC(8) User=0.02s Sys=0.00s Real=0.00s
[2025-06-02T09:48:52.021+0000][27860][info ][safepoint   ] Safepoint "G1PauseCleanup", Time since last: 121400 ns, Reaching safepoint: 12000 ns, At safepoint: 44000 ns, Total: 56000 ns
[2025-06-02T09:48:52.021+0000][27860][info ][gc,marking  ] GC(8) Concurrent Clear Claimed Marks
[2025-06-02T09:48:52.021+0000][27860][info ][gc,marking  ] GC(8) Concurrent Clear Claimed Marks 0.022ms
[2025-06-02T09:48:52.021+0000][27860][info ][gc,marking  ] GC(8) Concurrent Cleanup for Next Mark
[2025-06-02T09:48:52.035+0000][27860][info ][gc,marking  ] GC(8) Concurrent Cleanup for Next Mark 14.784ms
[2025-06-02T09:48:52.035+0000][27860][info ][gc          ] GC(8) Concurrent Mark Cycle 20.900ms
[2025-06-02T09:48:54.702+0000][27860][info ][gc,start    ] GC(9) Pause Young (Normal) (G1 Evacuation Pause)
[2025-06-02T09:48:54.702+0000][27860][info ][gc,task     ] GC(9) Using 18 workers of 18 for evacuation
[2025-06-02T09:48:54.702+0000][27860][debug][gc,age      ] GC(9) Desired survivor size 54525952 bytes, new threshold 15 (max threshold 15)
[2025-06-02T09:48:54.720+0000][27860][info ][gc,phases   ] GC(9)   Pre Evacuate Collection Set: 0.18ms
[2025-06-02T09:48:54.720+0000][27860][info ][gc,phases   ] GC(9)   Merge Heap Roots: 0.08ms
[2025-06-02T09:48:54.720+0000][27860][info ][gc,phases   ] GC(9)   Evacuate Collection Set: 16.40ms
[2025-06-02T09:48:54.720+0000][27860][info ][gc,phases   ] GC(9)   Post Evacuate Collection Set: 1.54ms
[2025-06-02T09:48:54.720+0000][27860][info ][gc,phases   ] GC(9)   Other: 0.10ms
[2025-06-02T09:48:54.720+0000][27860][trace][gc,age      ] GC(9) Age table:
[2025-06-02T09:48:54.720+0000][27860][trace][gc,age      ] GC(9) - age   1:   11892712 bytes,   11892712 total
[2025-06-02T09:48:54.720+0000][27860][trace][gc,age      ] GC(9) - age   2:    2555456 bytes,   14448168 total
[2025-06-02T09:48:54.720+0000][27860][trace][gc,age      ] GC(9) - age   3:    7192056 bytes,   21640224 total
[2025-06-02T09:48:54.720+0000][27860][trace][gc,age      ] GC(9) - age   4:   10154432 bytes,   31794656 total
[2025-06-02T09:48:54.720+0000][27860][trace][gc,age      ] GC(9) - age   5:    6099128 bytes,   37893784 total
[2025-06-02T09:48:54.720+0000][27860][trace][gc,age      ] GC(9) - age   6:    8745496 bytes,   46639280 total
[2025-06-02T09:48:54.720+0000][27860][trace][gc,age      ] GC(9) - age   7:   14235272 bytes,   60874552 total
[2025-06-02T09:48:54.720+0000][27860][info ][gc,heap     ] GC(9) Eden regions: 95->0(94)
[2025-06-02T09:48:54.720+0000][27860][info ][gc,heap     ] GC(9) Survivor regions: 7->8(13)
[2025-06-02T09:48:54.720+0000][27860][info ][gc,heap     ] GC(9) Old regions: 0->0
[2025-06-02T09:48:54.720+0000][27860][info ][gc,heap     ] GC(9) Humongous regions: 0->0
[2025-06-02T09:48:54.721+0000][27860][info ][gc,metaspace] GC(9) Metaspace: 78058K(80064K)->78058K(80064K) NonClass: 67558K(68736K)->67558K(68736K) Class: 10500K(11328K)->10500K(11328K)
[2025-06-02T09:48:54.721+0000][27860][info ][gc          ] GC(9) Pause Young (Normal) (G1 Evacuation Pause) 812M->63M(16344M) 18.576ms
[2025-06-02T09:48:54.721+0000][27860][info ][gc,cpu      ] GC(9) User=0.19s Sys=0.09s Real=0.02s
[2025-06-02T09:48:54.721+0000][27860][info ][safepoint   ] Safepoint "G1CollectForAllocation", Time since last: 2681164000 ns, Reaching safepoint: 3500 ns, At safepoint: 18631100 ns, Total: 18634600 ns
[2025-06-02T09:48:56.525+0000][27860][info ][gc,start    ] GC(10) Pause Young (Concurrent Start) (Metadata GC Threshold)
[2025-06-02T09:48:56.525+0000][27860][info ][gc,task     ] GC(10) Using 18 workers of 18 for evacuation
[2025-06-02T09:48:56.525+0000][27860][debug][gc,age      ] GC(10) Desired survivor size 54525952 bytes, new threshold 7 (max threshold 15)
[2025-06-02T09:48:56.547+0000][27860][info ][gc,phases   ] GC(10)   Pre Evacuate Collection Set: 0.27ms
[2025-06-02T09:48:56.547+0000][27860][info ][gc,phases   ] GC(10)   Merge Heap Roots: 0.08ms
[2025-06-02T09:48:56.547+0000][27860][info ][gc,phases   ] GC(10)   Evacuate Collection Set: 19.78ms
[2025-06-02T09:48:56.547+0000][27860][info ][gc,phases   ] GC(10)   Post Evacuate Collection Set: 1.67ms
[2025-06-02T09:48:56.547+0000][27860][info ][gc,phases   ] GC(10)   Other: 0.09ms
[2025-06-02T09:48:56.547+0000][27860][trace][gc,age      ] GC(10) Age table:
[2025-06-02T09:48:56.547+0000][27860][trace][gc,age      ] GC(10) - age   1:    8689696 bytes,    8689696 total
[2025-06-02T09:48:56.547+0000][27860][trace][gc,age      ] GC(10) - age   2:   11430424 bytes,   20120120 total
[2025-06-02T09:48:56.547+0000][27860][trace][gc,age      ] GC(10) - age   3:    2537288 bytes,   22657408 total
[2025-06-02T09:48:56.547+0000][27860][trace][gc,age      ] GC(10) - age   4:    7113080 bytes,   29770488 total
[2025-06-02T09:48:56.547+0000][27860][trace][gc,age      ] GC(10) - age   5:   10131736 bytes,   39902224 total
[2025-06-02T09:48:56.547+0000][27860][trace][gc,age      ] GC(10) - age   6:    6085128 bytes,   45987352 total
[2025-06-02T09:48:56.547+0000][27860][trace][gc,age      ] GC(10) - age   7:    8731752 bytes,   54719104 total
[2025-06-02T09:48:56.547+0000][27860][info ][gc,heap     ] GC(10) Eden regions: 26->0(94)
[2025-06-02T09:48:56.547+0000][27860][info ][gc,heap     ] GC(10) Survivor regions: 8->8(13)
[2025-06-02T09:48:56.547+0000][27860][info ][gc,heap     ] GC(10) Old regions: 0->2
[2025-06-02T09:48:56.547+0000][27860][info ][gc,heap     ] GC(10) Humongous regions: 0->0
[2025-06-02T09:48:56.547+0000][27860][info ][gc,metaspace] GC(10) Metaspace: 98801K(100928K)->98801K(100928K) NonClass: 85359K(86592K)->85359K(86592K) Class: 13441K(14336K)->13441K(14336K)
[2025-06-02T09:48:56.547+0000][27860][info ][gc          ] GC(10) Pause Young (Concurrent Start) (Metadata GC Threshold) 271M->72M(16344M) 22.148ms
[2025-06-02T09:48:56.547+0000][27860][info ][gc          ] GC(11) Concurrent Mark Cycle
[2025-06-02T09:48:56.547+0000][27860][info ][gc,cpu      ] GC(10) User=0.22s Sys=0.06s Real=0.02s
[2025-06-02T09:48:56.547+0000][27860][info ][gc,marking  ] GC(11) Concurrent Scan Root Regions
[2025-06-02T09:48:56.547+0000][27860][info ][safepoint   ] Safepoint "CollectForMetadataAllocation", Time since last: 1804913300 ns, Reaching safepoint: 4300 ns, At safepoint: 22260200 ns, Total: 22264500 ns
[2025-06-02T09:48:56.552+0000][27860][info ][gc,marking  ] GC(11) Concurrent Scan Root Regions 4.407ms
[2025-06-02T09:48:56.552+0000][27860][info ][gc,marking  ] GC(11) Concurrent Mark
[2025-06-02T09:48:56.552+0000][27860][info ][gc,marking  ] GC(11) Concurrent Mark From Roots
[2025-06-02T09:48:56.552+0000][27860][info ][gc,task     ] GC(11) Using 5 workers of 5 for marking
[2025-06-02T09:48:56.552+0000][27860][info ][gc,marking  ] GC(11) Concurrent Mark From Roots 0.372ms
[2025-06-02T09:48:56.552+0000][27860][info ][gc,marking  ] GC(11) Concurrent Preclean
[2025-06-02T09:48:56.552+0000][27860][info ][gc,marking  ] GC(11) Concurrent Preclean 0.012ms
[2025-06-02T09:48:56.552+0000][27860][info ][gc,start    ] GC(11) Pause Remark
[2025-06-02T09:48:56.555+0000][27860][info ][gc          ] GC(11) Pause Remark 78M->78M(16344M) 3.006ms
[2025-06-02T09:48:56.555+0000][27860][info ][gc,cpu      ] GC(11) User=0.00s Sys=0.00s Real=0.00s
[2025-06-02T09:48:56.555+0000][27860][info ][safepoint   ] Safepoint "G1PauseRemark", Time since last: 4835300 ns, Reaching safepoint: 3100 ns, At safepoint: 3057200 ns, Total: 3060300 ns
[2025-06-02T09:48:56.555+0000][27860][info ][gc,marking  ] GC(11) Concurrent Mark 3.526ms
[2025-06-02T09:48:56.555+0000][27860][info ][gc,marking  ] GC(11) Concurrent Rebuild Remembered Sets and Scrub Regions
[2025-06-02T09:48:56.558+0000][27860][info ][gc,marking  ] GC(11) Concurrent Rebuild Remembered Sets and Scrub Regions 1.846ms
[2025-06-02T09:48:56.558+0000][27860][info ][gc,start    ] GC(11) Pause Cleanup
[2025-06-02T09:48:56.558+0000][27860][info ][gc          ] GC(11) Pause Cleanup 80M->80M(16344M) 0.044ms
[2025-06-02T09:48:56.558+0000][27860][info ][gc,cpu      ] GC(11) User=0.00s Sys=0.00s Real=0.00s
[2025-06-02T09:48:56.558+0000][27860][info ][safepoint   ] Safepoint "G1PauseCleanup", Time since last: 1927500 ns, Reaching safepoint: 3500 ns, At safepoint: 85100 ns, Total: 88600 ns
[2025-06-02T09:48:56.558+0000][27860][info ][gc,marking  ] GC(11) Concurrent Clear Claimed Marks
[2025-06-02T09:48:56.558+0000][27860][info ][gc,marking  ] GC(11) Concurrent Clear Claimed Marks 0.071ms
[2025-06-02T09:48:56.558+0000][27860][info ][gc,marking  ] GC(11) Concurrent Cleanup for Next Mark
[2025-06-02T09:48:56.572+0000][27860][info ][gc,marking  ] GC(11) Concurrent Cleanup for Next Mark 13.365ms
[2025-06-02T09:48:56.572+0000][27860][info ][gc          ] GC(11) Concurrent Mark Cycle 23.477ms
[2025-06-02T09:49:00.448+0000][27860][info ][gc,start    ] GC(12) Pause Young (Normal) (G1 Evacuation Pause)
[2025-06-02T09:49:00.448+0000][27860][info ][gc,task     ] GC(12) Using 18 workers of 18 for evacuation
[2025-06-02T09:49:00.448+0000][27860][debug][gc,age      ] GC(12) Desired survivor size 54525952 bytes, new threshold 7 (max threshold 15)
[2025-06-02T09:49:00.472+0000][27860][info ][gc,phases   ] GC(12)   Pre Evacuate Collection Set: 0.17ms
[2025-06-02T09:49:00.472+0000][27860][info ][gc,phases   ] GC(12)   Merge Heap Roots: 0.24ms
[2025-06-02T09:49:00.472+0000][27860][info ][gc,phases   ] GC(12)   Evacuate Collection Set: 22.59ms
[2025-06-02T09:49:00.472+0000][27860][info ][gc,phases   ] GC(12)   Post Evacuate Collection Set: 1.66ms
[2025-06-02T09:49:00.472+0000][27860][info ][gc,phases   ] GC(12)   Other: 0.08ms
[2025-06-02T09:49:00.472+0000][27860][trace][gc,age      ] GC(12) Age table:
[2025-06-02T09:49:00.472+0000][27860][trace][gc,age      ] GC(12) - age   1:   28818416 bytes,   28818416 total
[2025-06-02T09:49:00.472+0000][27860][trace][gc,age      ] GC(12) - age   2:    8297936 bytes,   37116352 total
[2025-06-02T09:49:00.472+0000][27860][trace][gc,age      ] GC(12) - age   3:   11248112 bytes,   48364464 total
[2025-06-02T09:49:00.472+0000][27860][trace][gc,age      ] GC(12) - age   4:    2521144 bytes,   50885608 total
[2025-06-02T09:49:00.472+0000][27860][trace][gc,age      ] GC(12) - age   5:    7094176 bytes,   57979784 total
[2025-06-02T09:49:00.472+0000][27860][trace][gc,age      ] GC(12) - age   6:   10125904 bytes,   68105688 total
[2025-06-02T09:49:00.472+0000][27860][trace][gc,age      ] GC(12) - age   7:    6077520 bytes,   74183208 total
[2025-06-02T09:49:00.472+0000][27860][info ][gc,heap     ] GC(12) Eden regions: 94->0(92)
[2025-06-02T09:49:00.472+0000][27860][info ][gc,heap     ] GC(12) Survivor regions: 8->10(13)
[2025-06-02T09:49:00.472+0000][27860][info ][gc,heap     ] GC(12) Old regions: 2->3
[2025-06-02T09:49:00.472+0000][27860][info ][gc,heap     ] GC(12) Humongous regions: 1->1
[2025-06-02T09:49:00.472+0000][27860][info ][gc,metaspace] GC(12) Metaspace: 139446K(143680K)->139446K(143680K) NonClass: 119585K(121920K)->119585K(121920K) Class: 19861K(21760K)->19861K(21760K)
[2025-06-02T09:49:00.472+0000][27860][info ][gc          ] GC(12) Pause Young (Normal) (G1 Evacuation Pause) 832M->109M(16344M) 25.072ms
[2025-06-02T09:49:00.472+0000][27860][info ][gc,cpu      ] GC(12) User=0.22s Sys=0.08s Real=0.02s
[2025-06-02T09:49:00.472+0000][27860][info ][safepoint   ] Safepoint "G1CollectForAllocation", Time since last: 3889710300 ns, Reaching safepoint: 134600 ns, At safepoint: 25165300 ns, Total: 25299900 ns
[2025-06-02T09:49:03.706+0000][27860][info ][gc,start    ] GC(13) Pause Young (Normal) (G1 Evacuation Pause)
[2025-06-02T09:49:03.706+0000][27860][info ][gc,task     ] GC(13) Using 18 workers of 18 for evacuation
[2025-06-02T09:49:03.706+0000][27860][debug][gc,age      ] GC(13) Desired survivor size 54525952 bytes, new threshold 5 (max threshold 15)
[2025-06-02T09:49:03.730+0000][27860][info ][gc,phases   ] GC(13)   Pre Evacuate Collection Set: 0.19ms
[2025-06-02T09:49:03.730+0000][27860][info ][gc,phases   ] GC(13)   Merge Heap Roots: 0.09ms
[2025-06-02T09:49:03.730+0000][27860][info ][gc,phases   ] GC(13)   Evacuate Collection Set: 21.10ms
[2025-06-02T09:49:03.730+0000][27860][info ][gc,phases   ] GC(13)   Post Evacuate Collection Set: 1.71ms
[2025-06-02T09:49:03.730+0000][27860][info ][gc,phases   ] GC(13)   Other: 0.08ms
[2025-06-02T09:49:03.730+0000][27860][trace][gc,age      ] GC(13) Age table:
[2025-06-02T09:49:03.730+0000][27860][trace][gc,age      ] GC(13) - age   1:   55882440 bytes,   55882440 total
[2025-06-02T09:49:03.730+0000][27860][trace][gc,age      ] GC(13) - age   2:   25900016 bytes,   81782456 total
[2025-06-02T09:49:03.730+0000][27860][trace][gc,age      ] GC(13) - age   3:    7687840 bytes,   89470296 total
[2025-06-02T09:49:03.730+0000][27860][trace][gc,age      ] GC(13) - age   4:   10738624 bytes,  100208920 total
[2025-06-02T09:49:03.730+0000][27860][trace][gc,age      ] GC(13) - age   5:    2100800 bytes,  102309720 total
[2025-06-02T09:49:03.730+0000][27860][info ][gc,heap     ] GC(13) Eden regions: 92->0(89)
[2025-06-02T09:49:03.730+0000][27860][info ][gc,heap     ] GC(13) Survivor regions: 10->13(13)
[2025-06-02T09:49:03.730+0000][27860][info ][gc,heap     ] GC(13) Old regions: 3->7
[2025-06-02T09:49:03.730+0000][27860][info ][gc,heap     ] GC(13) Humongous regions: 1->1
[2025-06-02T09:49:03.730+0000][27860][info ][gc,metaspace] GC(13) Metaspace: 147769K(152960K)->147769K(152960K) NonClass: 126429K(129280K)->126429K(129280K) Class: 21340K(23680K)->21340K(23680K)
[2025-06-02T09:49:03.730+0000][27860][info ][gc          ] GC(13) Pause Young (Normal) (G1 Evacuation Pause) 845M->165M(16344M) 23.418ms
[2025-06-02T09:49:03.730+0000][27860][info ][gc,cpu      ] GC(13) User=0.23s Sys=0.06s Real=0.02s
[2025-06-02T09:49:03.730+0000][27860][info ][safepoint   ] Safepoint "G1CollectForAllocation", Time since last: 3233421600 ns, Reaching safepoint: 61200 ns, At safepoint: 23539100 ns, Total: 23600300 ns
